flutter_fp/build/app/outputs/mapping/release/mapping.txt
# compiler: R8
# compiler_version: 1.5.64
# min_api: 16
# pg_map_id: bf5b213
...
io.flutter.embedding.engine.renderer.FlutterRenderer$1 -> io.flutter.embedding.engine.h.a$a:
    io.flutter.embedding.engine.renderer.FlutterRenderer this$0 -> a
    void onFlutterUiDisplayed() -> a
    void onFlutterUiNoLongerDisplayed() -> b
io.flutter.embedding.engine.renderer.FlutterRenderer$SurfaceTextureRegistryEntry -> io.flutter.embedding.engine.h.a$b:
    io.flutter.embedding.engine.renderer.FlutterRenderer this$0 -> e
    android.graphics.SurfaceTexture surfaceTexture -> b
    android.graphics.SurfaceTexture$OnFrameAvailableListener onFrameListener -> d
    long id -> a
    boolean released -> c
    boolean access$100(io.flutter.embedding.engine.renderer.FlutterRenderer$SurfaceTextureRegistryEntry) -> a
    void release() -> a
    long access$300(io.flutter.embedding.engine.renderer.FlutterRenderer$SurfaceTextureRegistryEntry) -> b
    long id() -> b
    android.graphics.SurfaceTexture surfaceTexture() -> c
io.flutter.embedding.engine.renderer.FlutterRenderer$SurfaceTextureRegistryEntry$1 -> io.flutter.embedding.engine.h.a$b$a:
    io.flutter.embedding.engine.renderer.FlutterRenderer$SurfaceTextureRegistryEntry this$1 -> a
io.flutter.embedding.engine.renderer.FlutterRenderer$ViewportMetrics -> io.flutter.embedding.engine.h.a$c:
    int systemGestureInsetBottom -> n
    int systemGestureInsetLeft -> o
    int systemGestureInsetTop -> l
    int systemGestureInsetRight -> m
    int viewInsetBottom -> j
    int viewInsetLeft -> k
    int viewInsetTop -> h
    int viewInsetRight -> i
    int paddingBottom -> f
    int paddingLeft -> g
    int paddingTop -> d
    float devicePixelRatio -> a
    int paddingRight -> e
    int width -> b
    int height -> c
io.flutter.embedding.engine.renderer.FlutterUiDisplayListener -> io.flutter.embedding.engine.h.b:
    void onFlutterUiDisplayed() -> a
    void onFlutterUiNoLongerDisplayed() -> b
io.flutter.embedding.engine.renderer.RenderSurface -> io.flutter.embedding.engine.h.c:
    void attachToRenderer(io.flutter.embedding.engine.renderer.FlutterRenderer) -> a
    void pause() -> a
    void detachFromRenderer() -> b
io.flutter.embedding.engine.systemchannels.-$$Lambda$KeyEventChannel$noIAfh-EsnbVSFihKYSNN7XvL4E -> io.flutter.embedding.engine.i.a:
    io.flutter.embedding.engine.systemchannels.KeyEventChannel f$0 -> a
    long f$1 -> b
    void reply(java.lang.Object) -> a
io.flutter.embedding.engine.systemchannels.AccessibilityChannel -> io.flutter.embedding.engine.i.b:
    io.flutter.embedding.engine.FlutterJNI flutterJNI -> b
    io.flutter.embedding.engine.systemchannels.AccessibilityChannel$AccessibilityMessageHandler handler -> c
    io.flutter.plugin.common.BasicMessageChannel$MessageHandler parsingMessageHandler -> d
    io.flutter.plugin.common.BasicMessageChannel channel -> a
    io.flutter.embedding.engine.systemchannels.AccessibilityChannel$AccessibilityMessageHandler access$000(io.flutter.embedding.engine.systemchannels.AccessibilityChannel) -> a
    void dispatchSemanticsAction(int,io.flutter.view.AccessibilityBridge$Action) -> a
    void dispatchSemanticsAction(int,io.flutter.view.AccessibilityBridge$Action,java.lang.Object) -> a
    void onAndroidAccessibilityDisabled() -> a
    void setAccessibilityFeatures(int) -> a
    void setAccessibilityMessageHandler(io.flutter.embedding.engine.systemchannels.AccessibilityChannel$AccessibilityMessageHandler) -> a
    void onAndroidAccessibilityEnabled() -> b
io.flutter.embedding.engine.systemchannels.AccessibilityChannel$1 -> io.flutter.embedding.engine.i.b$a:
    io.flutter.embedding.engine.systemchannels.AccessibilityChannel this$0 -> a
    void onMessage(java.lang.Object,io.flutter.plugin.common.BasicMessageChannel$Reply) -> a
io.flutter.embedding.engine.systemchannels.AccessibilityChannel$AccessibilityMessageHandler -> io.flutter.embedding.engine.i.b$b:
    void onLongPress(int) -> a
    void onTooltip(java.lang.String) -> a
    void announce(java.lang.String) -> b
    void onTap(int) -> b